Change Component Designator: OldDesignator= NewDesignator=*
Change Component Designator: OldDesignator= NewDesignator=*
Change Component Designator: OldDesignator= NewDesignator=*
Change Component Designator: OldDesignator= NewDesignator=*
Added Component: Designator=C?(Electrolytic 4x5.4)
Add component (AddParameter): Name = "Availability"; Value = "In Stock"; VariantName = "[No Variations]"
Add component (AddParameter): Name = "Check_prices"; Value = "https://www.snapeda.com/parts/EEE-HA1E100WR/Panasonic/view-part/778519/?ref=eda"; VariantName = "[No Variations]"
Add component (AddParameter): Name = "MF"; Value = "Panasonic"; VariantName = "[No Variations]"
Add component (AddParameter): Name = "MP"; Value = "EEE-HA1E100WR"; VariantName = "[No Variations]"
Add component (AddParameter): Name = "Package"; Value = "RADIAL-2 Panasonic"; VariantName = "[No Variations]"
Add component (AddParameter): Name = "Price"; Value = "None"; VariantName = "[No Variations]"
Add component (AddParameter): Name = "Purchase-URL"; Value = "https://pricing.snapeda.com/search/part/EEE-HA1E100WR/?ref=eda"; VariantName = "[No Variations]"
Add component (AddParameter): Name = "SnapEDA_Link"; Value = "https://www.snapeda.com/parts/EEE-HA1E100WR/Panasonic/view-part/778519/?ref=snap"; VariantName = "[No Variations]"
Add component (AddParameter): Name = "Value"; Value = ""; VariantName = "[No Variations]"
Added Pin To Net: NetName=+12 Pin=C?-1
Added Pin To Net: NetName=GND Pin=C?-2
Added Member To Class: ClassName=Buck Member=Component * M3 Mounting Hole
Added Member To Class: ClassName=Buck Member=Component * M3 Mounting Hole
Added Member To Class: ClassName=Buck Member=Component * M3 Mounting Hole
Added Member To Class: ClassName=Buck Member=Component * M3 Mounting Hole
Added Member To Class: ClassName=Buck Member=Component C? Electrolytic 4x5.4
