Removed Pin From Net: NetName=GND Pin=C1-1
Removed Pin From Net: NetName=NetC2_2 Pin=C2-2
Removed Pin From Net: NetName=VGND Pin=C3-1
Removed Pin From Net: NetName=VGND Pin=C5-1
Removed Pin From Net: NetName=INTVCC Pin=C6-1
Removed Pin From Net: NetName=VGND Pin=C6-2
Removed Pin From Net: NetName=+12 Pin=D1-A
Removed Pin From Net: NetName=GND Pin=D2-A
Removed Pin From Net: NetName=VGND Pin=D2-C
Removed Pin From Net: NetName=GND Pin=D4-C
Removed Pin From Net: NetName=INTVCC Pin=J1-1
Removed Pin From Net: NetName=VGND Pin=J1-3
Removed Pin From Net: NetName=VGND Pin=R1-1
Removed Pin From Net: NetName=NetQ1_2 Pin=R1-2
Removed Pin From Net: NetName=NetC2_2 Pin=R3-1
Removed Pin From Net: NetName=NetR2_1 Pin=R5-1
Removed Pin From Net: NetName=VGND Pin=R5-2
Removed Pin From Net: NetName=NetC2_2 Pin=R7-2
Removed Pin From Net: NetName=NetC4_2 Pin=U1-10
Removed Member From Class: ClassName=Buck Member=J1
Change Component Footprint: Designator=D4 Old Footprint=LED 0805 New Footprint=SOD123
Change Component Footprint: Designator=D1 Old Footprint=SOD123 New Footprint=SOD-323
Change Component Footprint: Designator=D3 Old Footprint=SOD-323 New Footprint=SOD123
Change Component Comment : Designator=C3 Old Comment=0.1uF New Comment=10uF 25V
Change Component Comment : Designator=C5 Old Comment=0.1uF New Comment=10uF 25V
Change Component Comment : Designator=R5 Old Comment=2.49k New Comment=220mR
Change Component Comment : Designator=R3 Old Comment=10k New Comment=2.49k
Change Component Comment : Designator=C4 Old Comment=10pF 630VDC New Comment=0.1uF
Change Component Comment : Designator=C6 Old Comment=10uF 25V New Comment=0.1uF
Change Component Comment : Designator=C1 Old Comment=10uF 25V New Comment=10pF 630VDC
Change Component Comment : Designator=R1 Old Comment=220mR New Comment=10k
Change Component Comment : Designator=D3 Old Comment=CMDSH-3TR New Comment=US1KFA
Change Component Comment : Designator=D4 Old Comment=LED 0805 New Comment=13V
Change Component Comment : Designator=U1 Old Comment=LT8316EFE#PBF New Comment=My_LT8316
Change Component Comment : Designator=D1 Old Comment=US1KFA New Comment=CMDSH-3TR
Change component parameters: Designator = "D1" ("D1"); Footprint = "SOD123"; UniqueID = "\XLCZHPGZ" ("\XLCZHPGZ")
Change component parameters (AddParameter): Name = "Availability"; Value = "Unavailable"; VariantName = "[No Variations]"
Change component parameters (AddParameter): Name = "MF"; Value = "Central Semiconductor"; VariantName = "[No Variations]"
Change component parameters (AddParameter): Name = "MP"; Value = "CMDSH-3 TR"; VariantName = "[No Variations]"
Change component parameters (AddParameter): Name = "Package"; Value = "SOD-323 Central Semiconductor"; VariantName = "[No Variations]"
Change component parameters (AddParameter): Name = "Price"; Value = "None"; VariantName = "[No Variations]"
Change component parameters (AddParameter): Name = "SnapEDA_Link"; Value = "https://www.snapeda.com/parts/CMDSH-3%20TR/Central%20Semiconductor%20Corp/view-part/447234/?ref=snap"; VariantName = "[No Variations]"
Change component parameters (AddParameter): Name = "Value"; Value = ""; VariantName = "[No Variations]"
Change component parameters: Designator = "D3" ("D3"); Footprint = "SOD-323"; UniqueID = "\GQWWJMWV" ("\GQWWJMWV")
Change component parameters (AddParameter): Name = "Availability"; Value = "In Stock"; VariantName = "[No Variations]"
Change component parameters (AddParameter): Name = "Check_prices"; Value = "https://www.snapeda.com/parts/1N4148W-7-F/Diodes+Inc./view-part/?ref=eda"; VariantName = "[No Variations]"
Change component parameters (AddParameter): Name = "MF"; Value = "Diodes Inc."; VariantName = "[No Variations]"
Change component parameters (AddParameter): Name = "MP"; Value = "1N4148W-7-F"; VariantName = "[No Variations]"
Change component parameters (AddParameter): Name = "Package"; Value = "SOD-123 Fairchild Semiconductor"; VariantName = "[No Variations]"
Change component parameters (AddParameter): Name = "Price"; Value = "None"; VariantName = "[No Variations]"
Change component parameters (AddParameter): Name = "Purchase-URL"; Value = "https://pricing.snapeda.com/search/part/1N4148W-7-F/?ref=eda"; VariantName = "[No Variations]"
Change component parameters (AddParameter): Name = "SnapEDA_Link"; Value = "https://www.snapeda.com/parts/1N4148W-7-F/Diodes+Inc./view-part/?ref=snap"; VariantName = "[No Variations]"
Change component parameters (AddParameter): Name = "Value"; Value = ""; VariantName = "[No Variations]"
Change component parameters: Designator = "D4" ("D4"); Footprint = "LED 0805"; UniqueID = "\HCHCCVBO" ("\HCHCCVBO")
Change component parameters (AddParameter): Name = "Availability"; Value = "In Stock"; VariantName = "[No Variations]"
Change component parameters (AddParameter): Name = "Check_prices"; Value = "https://www.snapeda.com/parts/1SMA5926/Taiwan+Semiconductor/view-part/?ref=eda"; VariantName = "[No Variations]"
Change component parameters (AddParameter): Name = "MF"; Value = "Taiwan Semiconductor"; VariantName = "[No Variations]"
Change component parameters (AddParameter): Name = "MP"; Value = "1SMA5926"; VariantName = "[No Variations]"
Change component parameters (AddParameter): Name = "Package"; Value = "SMA-2 Taiwan Semiconductor"; VariantName = "[No Variations]"
Change component parameters (AddParameter): Name = "Price"; Value = "None"; VariantName = "[No Variations]"
Change component parameters (AddParameter): Name = "Purchase-URL"; Value = "https://pricing.snapeda.com/search/part/1SMA5926/?ref=eda"; VariantName = "[No Variations]"
Change component parameters (AddParameter): Name = "SnapEDA_Link"; Value = "https://www.snapeda.com/parts/1SMA5926/Taiwan+Semiconductor/view-part/?ref=snap"; VariantName = "[No Variations]"
Change component parameters (AddParameter): Name = "Value"; Value = ""; VariantName = "[No Variations]"
Change component parameters: Designator = "U1" ("U1"); Footprint = "IC_LT8316EFE#PBF"; UniqueID = "\HRTPQRER" ("\HRTPQRER")
Added Component: Designator=D6(LED 0805)
Add component (AddParameter): Name = "Availability"; Value = "Unavailable"; VariantName = "[No Variations]"
Add component (AddParameter): Name = "MF"; Value = ""; VariantName = "[No Variations]"
Add component (AddParameter): Name = "MP"; Value = "597-3305-607F"; VariantName = "[No Variations]"
Add component (AddParameter): Name = "Package"; Value = "None"; VariantName = "[No Variations]"
Add component (AddParameter): Name = "Price"; Value = "None"; VariantName = "[No Variations]"
Add component (AddParameter): Name = "Value"; Value = ""; VariantName = "[No Variations]"
Added Pin To Net: NetName=VGND Pin=C3-2
Added Pin To Net: NetName=VGND Pin=C4-1
Added Pin To Net: NetName=INTVCC Pin=C5-1
Added Pin To Net: NetName=VGND Pin=C5-2
Added Pin To Net: NetName=VGND Pin=C6-1
Added Pin To Net: NetName=+12 Pin=D2-A
Added Pin To Net: NetName=GND Pin=D3-A
Added Pin To Net: NetName=VGND Pin=D3-C
Add Pin To Net: Unknown Pin: Pin D4-1
Add Pin To Net: Unknown Pin: Pin D4-2
Added Pin To Net: NetName=GND Pin=D6-C
Added Pin To Net: NetName=NetR2_1 Pin=R3-1
Added Pin To Net: NetName=VGND Pin=R3-2
Added Pin To Net: NetName=VGND Pin=R5-1
Added Pin To Net: NetName=NetQ1_2 Pin=R5-2
Added Pin To Net: NetName=NetC4_2 Pin=U1-14
Added Pin To Net: NetName=VGND Pin=U1-16
Change Net Name : Old Net Name=NetC2_2 New Net Name=NetQ1_3
Change Net Name : Old Net Name=VGND New Net Name=NetC3_2
Added Pin To Net: NetName=NetC1_1 Pin=C1-1
Added Pin To Net: NetName=NetC1_1 Pin=R1-2
Added Net: Name=NetC1_1
Added Pin To Net: NetName=NetC1_2 Pin=C1-2
Added Pin To Net: NetName=NetC1_2 Pin=U1-10
Added Net: Name=NetC1_2
Added Pin To Net: NetName=NetC2_2 Pin=C2-2
Added Pin To Net: NetName=NetC2_2 Pin=R1-1
Added Pin To Net: NetName=NetC2_2 Pin=R7-2
Added Net: Name=NetC2_2
Added Pin To Net: NetName=NetC3_1 Pin=C3-1
Added Pin To Net: NetName=NetC3_1 Pin=D1-C
Added Pin To Net: NetName=NetC3_1 Pin=U1-9
Added Net: Name=NetC3_1
Added Pin To Net: NetName=NetC6_2 Pin=C6-2
Added Pin To Net: NetName=NetC6_2 Pin=R4-2
Added Net: Name=NetC6_2
Added Pin To Net: NetName=NetD1_A Pin=D1-A
Added Pin To Net: NetName=NetD1_A Pin=D2-C
Added Pin To Net: NetName=NetD1_A Pin=R2-2
Added Net: Name=NetD1_A
Added Pin To Net: NetName=NetD6_A Pin=D6-A
Added Pin To Net: NetName=NetD6_A Pin=R6-1
Added Net: Name=NetD6_A
Added Member To Class: ClassName=Buck Member=Component D6 LED 0805
